Using pre-set license
Built from '2020.3/release' branch; Version is '2020.3.1f1 (77a89f25062f) revision 7841951'; Using compiler version '192528614'; Build Type 'Release'
OS: 'Windows 10 Pro; OS build 19041.867; Version 2004; 64bit' Language: 'en' Physical Memory: 16278 MB
BatchMode: 1, IsHumanControllingUs: 0, StartBugReporterOnCrash: 0, Is64bit: 1, IsPro: 0

 COMMAND LINE ARGUMENTS:
C:\Program Files\Unity\Hub\Editor\2020.3.1f1\Editor\Unity.exe
-adb2
-batchMode
-noUpm
-name
AssetImportWorker0
-projectPath
C:/Users/CAVERSAN/Documents/Unity/CVSJewel/CVSJewel
-logFile
Logs/AssetImportWorker0.log
-srvPort
59964
Successfully changed project path to: C:/Users/CAVERSAN/Documents/Unity/CVSJewel/CVSJewel
C:/Users/CAVERSAN/Documents/Unity/CVSJewel/CVSJewel
Using Asset Import Pipeline V2.
Refreshing native plugins compatible for Editor in 115.47 ms, found 1 plugins.
Preloading 0 native plugins for Editor in 0.00 ms.
Initialize engine version: 2020.3.1f1 (77a89f25062f)
[Subsystems] Discovering subsystems at path C:/Program Files/Unity/Hub/Editor/2020.3.1f1/Editor/Data/Resources/UnitySubsystems
[Subsystems] Discovering subsystems at path C:/Users/CAVERSAN/Documents/Unity/CVSJewel/CVSJewel/Assets
GfxDevice: creating device client; threaded=0
Direct3D:
    Version:  Direct3D 11.0 [level 11.0]
    Renderer: NVIDIA GeForce GT 540M (ID=0xdf4)
    Vendor:   
    VRAM:     1958 MB
    Driver:   23.21.13.9135
Initialize mono
Mono path[0] = 'C:/Program Files/Unity/Hub/Editor/2020.3.1f1/Editor/Data/Managed'
Mono path[1] = 'C:/Program Files/Unity/Hub/Editor/2020.3.1f1/Editor/Data/MonoBleedingEdge/lib/mono/unityjit'
Mono config path = 'C:/Program Files/Unity/Hub/Editor/2020.3.1f1/Editor/Data/MonoBleedingEdge/etc'
Using monoOptions --debugger-agent=transport=dt_socket,embedding=1,server=y,suspend=n,address=127.0.0.1:56096
Begin MonoManager ReloadAssembly
Registering precompiled unity dll's ...
Register platform support module: C:/Program Files/Unity/Hub/Editor/2020.3.1f1/Editor/Data/PlaybackEngines/WebGLSupport/UnityEditor.WebGL.Extensions.dll
Register platform support module: C:/Program Files/Unity/Hub/Editor/2020.3.1f1/Editor/Data/PlaybackEngines/WindowsStandaloneSupport/UnityEditor.WindowsStandalone.Extensions.dll
Registered in 0.006677 seconds.
Native extension for WindowsStandalone target not found
Native extension for WebGL target not found
Refreshing native plugins compatible for Editor in 70.84 ms, found 1 plugins.
Preloading 0 native plugins for Editor in 0.00 ms.
Invoked RoslynAnalysisRunner static constructor.
RoslynAnalysisRunner will not be running.
RoslynAnalysisRunner has terminated.
Mono: successfully reloaded assembly
- Completed reload, in  1.825 seconds
Platform modules already initialized, skipping
Registering precompiled user dll's ...
Registered in 0.004373 seconds.
Begin MonoManager ReloadAssembly
Native extension for WindowsStandalone target not found
Native extension for WebGL target not found
Refreshing native plugins compatible for Editor in 72.51 ms, found 1 plugins.
Preloading 0 native plugins for Editor in 0.00 ms.
Invoked RoslynAnalysisRunner static constructor.
RoslynAnalysisRunner will not be running.
RoslynAnalysisRunner has terminated.
Mono: successfully reloaded assembly
- Completed reload, in  1.414 seconds
Platform modules already initialized, skipping
========================================================================
Worker process is ready to serve import requests
Launched and connected shader compiler UnityShaderCompiler.exe after 0.25 seconds
Refreshing native plugins compatible for Editor in 0.78 ms, found 1 plugins.
Preloading 0 native plugins for Editor in 0.00 ms.
Unloading 2032 Unused Serialized files (Serialized files now loaded: 0)
System memory in use before: 90.5 MB.
System memory in use after: 90.4 MB.

Unloading 44 unused Assets to reduce memory usage. Loaded Objects now: 2458.
Total: 3.312900 ms (FindLiveObjects: 0.335200 ms CreateObjectMapping: 0.104100 ms MarkObjects: 2.667800 ms  DeleteObjects: 0.202900 ms)

========================================================================
Received Import Request.
  path: Assets/Prefabs/Sprites/Crystals
  artifactKey: Guid(e15846a957404654dbea79253c8c84e4) Importer(815301076,1909f56bfc062723c751e8b465ee728b)
Start importing Assets/Prefabs/Sprites/Crystals using Guid(e15846a957404654dbea79253c8c84e4) Importer(815301076,1909f56bfc062723c751e8b465ee728b)  -> (artifact id: '0cff37ce2e5bd223bfd619290b34ff6a') in 0.017057 seconds
  Import took 0.023158 seconds .

========================================================================
Received Import Request.
  Time since last request: 9.054451 seconds.
  path: Assets/Prefabs/Sprites/UI
  artifactKey: Guid(fcfced48c2893864baeddbdd020355a1) Importer(815301076,1909f56bfc062723c751e8b465ee728b)
Start importing Assets/Prefabs/Sprites/UI using Guid(fcfced48c2893864baeddbdd020355a1) Importer(815301076,1909f56bfc062723c751e8b465ee728b)  -> (artifact id: '0e23055fcbfa7bb1733adbf8f3109268') in 0.014749 seconds
  Import took 0.019449 seconds .

========================================================================
Received Prepare
Registering precompiled user dll's ...
Registered in 0.004371 seconds.
Begin MonoManager ReloadAssembly
Native extension for WindowsStandalone target not found
Native extension for WebGL target not found
Refreshing native plugins compatible for Editor in 0.91 ms, found 1 plugins.
Preloading 0 native plugins for Editor in 0.00 ms.
Invoked RoslynAnalysisRunner static constructor.
RoslynAnalysisRunner will not be running.
RoslynAnalysisRunner has terminated.
Mono: successfully reloaded assembly
- Completed reload, in  1.604 seconds
Platform modules already initialized, skipping
Refreshing native plugins compatible for Editor in 0.87 ms, found 1 plugins.
Preloading 0 native plugins for Editor in 0.00 ms.
Unloading 2027 Unused Serialized files (Serialized files now loaded: 0)
System memory in use before: 90.4 MB.
System memory in use after: 90.4 MB.

Unloading 32 unused Assets to reduce memory usage. Loaded Objects now: 2462.
Total: 3.432000 ms (FindLiveObjects: 0.250100 ms CreateObjectMapping: 0.102500 ms MarkObjects: 2.915400 ms  DeleteObjects: 0.161700 ms)

========================================================================
Received Import Request.
  Time since last request: 117.665530 seconds.
  path: Assets/Prefabs/Sprites/UI/SquareA.png
  artifactKey: Guid(b7739744865eb2446ad68f852182ee51) Importer(815301076,1909f56bfc062723c751e8b465ee728b)
Start importing Assets/Prefabs/Sprites/UI/SquareA.png using Guid(b7739744865eb2446ad68f852182ee51) Importer(815301076,1909f56bfc062723c751e8b465ee728b)  -> (artifact id: 'b0bb5f3f9cfdb068ba26db9cbea2a6a2') in 0.269673 seconds
  Import took 0.274731 seconds .

========================================================================
Received Import Request.
  Time since last request: 43.174157 seconds.
  path: Assets/Prefabs/Sprites/UI/SquareA 1.png
  artifactKey: Guid(adf17bd96c0a2824c85a103ba5df34b0) Importer(815301076,1909f56bfc062723c751e8b465ee728b)
Start importing Assets/Prefabs/Sprites/UI/SquareA 1.png using Guid(adf17bd96c0a2824c85a103ba5df34b0) Importer(815301076,1909f56bfc062723c751e8b465ee728b)  -> (artifact id: '8e3199e704d8d2b937eac144849c5166') in 0.024002 seconds
  Import took 0.028586 seconds .

========================================================================
Received Import Request.
  Time since last request: 9.750578 seconds.
  path: Assets/Prefabs/Sprites/UI/Square0.png
  artifactKey: Guid(adf17bd96c0a2824c85a103ba5df34b0) Importer(815301076,1909f56bfc062723c751e8b465ee728b)
Start importing Assets/Prefabs/Sprites/UI/Square0.png using Guid(adf17bd96c0a2824c85a103ba5df34b0) Importer(815301076,1909f56bfc062723c751e8b465ee728b)  -> (artifact id: 'f5756ce62912c07225db65b63a21dd57') in 0.028558 seconds
  Import took 0.035033 seconds .

========================================================================
Received Import Request.
  Time since last request: 4.440450 seconds.
  path: Assets/Prefabs/Sprites/UI/Square1.png
  artifactKey: Guid(b7739744865eb2446ad68f852182ee51) Importer(815301076,1909f56bfc062723c751e8b465ee728b)
Start importing Assets/Prefabs/Sprites/UI/Square1.png using Guid(b7739744865eb2446ad68f852182ee51) Importer(815301076,1909f56bfc062723c751e8b465ee728b)  -> (artifact id: '797b19e4ab9303096fc22c9b914be340') in 0.029138 seconds
  Import took 0.033869 seconds .

========================================================================
Received Prepare
Registering precompiled user dll's ...
Registered in 0.004948 seconds.
Begin MonoManager ReloadAssembly
Native extension for WindowsStandalone target not found
Native extension for WebGL target not found
Refreshing native plugins compatible for Editor in 0.80 ms, found 1 plugins.
Preloading 0 native plugins for Editor in 0.00 ms.
Invoked RoslynAnalysisRunner static constructor.
RoslynAnalysisRunner will not be running.
RoslynAnalysisRunner has terminated.
Mono: successfully reloaded assembly
- Completed reload, in  1.527 seconds
Platform modules already initialized, skipping
Refreshing native plugins compatible for Editor in 1.23 ms, found 1 plugins.
Preloading 0 native plugins for Editor in 0.00 ms.
Unloading 2027 Unused Serialized files (Serialized files now loaded: 0)
System memory in use before: 93.4 MB.
System memory in use after: 93.4 MB.

Unloading 32 unused Assets to reduce memory usage. Loaded Objects now: 2472.
Total: 3.635700 ms (FindLiveObjects: 0.520700 ms CreateObjectMapping: 0.158700 ms MarkObjects: 2.735800 ms  DeleteObjects: 0.217300 ms)

========================================================================
Received Prepare
Registering precompiled user dll's ...
Registered in 0.004679 seconds.
Begin MonoManager ReloadAssembly
Native extension for WindowsStandalone target not found
Native extension for WebGL target not found
Refreshing native plugins compatible for Editor in 0.82 ms, found 1 plugins.
Preloading 0 native plugins for Editor in 0.00 ms.
Invoked RoslynAnalysisRunner static constructor.
RoslynAnalysisRunner will not be running.
RoslynAnalysisRunner has terminated.
Mono: successfully reloaded assembly
- Completed reload, in  1.334 seconds
Platform modules already initialized, skipping
Refreshing native plugins compatible for Editor in 0.81 ms, found 1 plugins.
Preloading 0 native plugins for Editor in 0.00 ms.
Unloading 2027 Unused Serialized files (Serialized files now loaded: 0)
System memory in use before: 93.5 MB.
System memory in use after: 93.5 MB.

Unloading 32 unused Assets to reduce memory usage. Loaded Objects now: 2476.
Total: 2.969300 ms (FindLiveObjects: 0.409300 ms CreateObjectMapping: 0.112700 ms MarkObjects: 2.271100 ms  DeleteObjects: 0.173400 ms)

========================================================================
Received Import Request.
  Time since last request: 186.848392 seconds.
  path: Assets/Prefabs/UI/cell0.prefab
  artifactKey: Guid(9d299ce1e37d05149844c62180e8bbcb) Importer(815301076,1909f56bfc062723c751e8b465ee728b)
Start importing Assets/Prefabs/UI/cell0.prefab using Guid(9d299ce1e37d05149844c62180e8bbcb) Importer(815301076,1909f56bfc062723c751e8b465ee728b)  -> (artifact id: 'f34ad134e44e093b1efe14f97a0d1588') in 0.050311 seconds
  Import took 0.057006 seconds .

========================================================================
Received Import Request.
  Time since last request: 169.327834 seconds.
  path: Assets/Prefabs/UI/Sprites
  artifactKey: Guid(4f1cadef61ad3e34580530c1b3a36eb4) Importer(815301076,1909f56bfc062723c751e8b465ee728b)
Start importing Assets/Prefabs/UI/Sprites using Guid(4f1cadef61ad3e34580530c1b3a36eb4) Importer(815301076,1909f56bfc062723c751e8b465ee728b)  -> (artifact id: '569dfa0751b23289000e67d5e1ac6e1f') in 0.011275 seconds
  Import took 0.017482 seconds .

========================================================================
Received Import Request.
  Time since last request: 22.949510 seconds.
  path: Assets/Prefabs/UI/Sprites/cell.png
  artifactKey: Guid(79e6f817618fa4e428379aeeeee107f2) Importer(815301076,1909f56bfc062723c751e8b465ee728b)
Start importing Assets/Prefabs/UI/Sprites/cell.png using Guid(79e6f817618fa4e428379aeeeee107f2) Importer(815301076,1909f56bfc062723c751e8b465ee728b)  -> (artifact id: 'fae1e546956f3899ded4cea581d8b6ff') in 0.087471 seconds
  Import took 0.092229 seconds .

========================================================================
Received Import Request.
  Time since last request: 55.518797 seconds.
  path: Assets/Prefabs/UI/cell0.prefab
  artifactKey: Guid(9d299ce1e37d05149844c62180e8bbcb) Importer(815301076,1909f56bfc062723c751e8b465ee728b)
Start importing Assets/Prefabs/UI/cell0.prefab using Guid(9d299ce1e37d05149844c62180e8bbcb) Importer(815301076,1909f56bfc062723c751e8b465ee728b)  -> (artifact id: '4a9b7bb5b822e60d9e8aa5475751df59') in 0.053780 seconds
  Import took 0.060617 seconds .

========================================================================
Received Import Request.
  Time since last request: 1.878671 seconds.
  path: Assets/Prefabs/UI/cell0 1.prefab
  artifactKey: Guid(035ba4cf1931eb745b11bcee6b133724) Importer(815301076,1909f56bfc062723c751e8b465ee728b)
Start importing Assets/Prefabs/UI/cell0 1.prefab using Guid(035ba4cf1931eb745b11bcee6b133724) Importer(815301076,1909f56bfc062723c751e8b465ee728b)  -> (artifact id: '39e83c63027e3cc8be5ce719dcaad4c2') in 0.029505 seconds
  Import took 0.035331 seconds .

========================================================================
Received Import Request.
  Time since last request: 6.990708 seconds.
  path: Assets/Prefabs/UI/cell1.prefab
  artifactKey: Guid(035ba4cf1931eb745b11bcee6b133724) Importer(815301076,1909f56bfc062723c751e8b465ee728b)
Start importing Assets/Prefabs/UI/cell1.prefab using Guid(035ba4cf1931eb745b11bcee6b133724) Importer(815301076,1909f56bfc062723c751e8b465ee728b)  -> (artifact id: '1df2a1e8a66a2e0fbeb06be997df9dea') in 0.027976 seconds
  Import took 0.032611 seconds .

========================================================================
Received Import Request.
  Time since last request: 18.515670 seconds.
  path: Assets/Prefabs/UI/cell1.prefab
  artifactKey: Guid(035ba4cf1931eb745b11bcee6b133724) Importer(815301076,1909f56bfc062723c751e8b465ee728b)
Start importing Assets/Prefabs/UI/cell1.prefab using Guid(035ba4cf1931eb745b11bcee6b133724) Importer(815301076,1909f56bfc062723c751e8b465ee728b)  -> (artifact id: 'cc164cfc4e0c20de450f9ab4a14b1aa5') in 0.027091 seconds
  Import took 0.032858 seconds .

========================================================================
Received Import Request.
  Time since last request: 17.660571 seconds.
  path: Assets/Prefabs/UI/cell0.prefab
  artifactKey: Guid(9d299ce1e37d05149844c62180e8bbcb) Importer(815301076,1909f56bfc062723c751e8b465ee728b)
Start importing Assets/Prefabs/UI/cell0.prefab using Guid(9d299ce1e37d05149844c62180e8bbcb) Importer(815301076,1909f56bfc062723c751e8b465ee728b)  -> (artifact id: '4e3af8d1db22ae3408c4db260ef3c238') in 0.030174 seconds
  Import took 0.036546 seconds .

========================================================================
Received Import Request.
  Time since last request: 61.155957 seconds.
  path: Assets/3rdParty
  artifactKey: Guid(a4be8aa8c5834184ba629092399d8daf) Importer(815301076,1909f56bfc062723c751e8b465ee728b)
Start importing Assets/3rdParty using Guid(a4be8aa8c5834184ba629092399d8daf) Importer(815301076,1909f56bfc062723c751e8b465ee728b)  -> (artifact id: 'ef23445ce5db1e59d82b08f7e2638d63') in 0.013053 seconds
  Import took 0.017324 seconds .

========================================================================
Received Import Request.
  Time since last request: 289.716577 seconds.
  path: Assets/Prefabs/UI/Cells
  artifactKey: Guid(d5f74ad4f45f1e04090ade89a0fe98ef) Importer(815301076,1909f56bfc062723c751e8b465ee728b)
Start importing Assets/Prefabs/UI/Cells using Guid(d5f74ad4f45f1e04090ade89a0fe98ef) Importer(815301076,1909f56bfc062723c751e8b465ee728b)  -> (artifact id: '738fb8874e08c37adfb206a9bd287198') in 0.012842 seconds
  Import took 0.017406 seconds .

========================================================================
Received Prepare
Registering precompiled user dll's ...
Registered in 0.004321 seconds.
Begin MonoManager ReloadAssembly
Native extension for WindowsStandalone target not found
Native extension for WebGL target not found
Refreshing native plugins compatible for Editor in 0.83 ms, found 1 plugins.
Preloading 0 native plugins for Editor in 0.00 ms.
Invoked RoslynAnalysisRunner static constructor.
RoslynAnalysisRunner will not be running.
RoslynAnalysisRunner has terminated.
Mono: successfully reloaded assembly
- Completed reload, in  1.423 seconds
Platform modules already initialized, skipping
Refreshing native plugins compatible for Editor in 0.81 ms, found 1 plugins.
Preloading 0 native plugins for Editor in 0.00 ms.
Unloading 2027 Unused Serialized files (Serialized files now loaded: 0)
System memory in use before: 93.5 MB.
System memory in use after: 93.5 MB.

Unloading 32 unused Assets to reduce memory usage. Loaded Objects now: 2484.
Total: 2.879300 ms (FindLiveObjects: 0.352500 ms CreateObjectMapping: 0.102200 ms MarkObjects: 2.246000 ms  DeleteObjects: 0.175900 ms)

========================================================================
Received Prepare
Registering precompiled user dll's ...
Registered in 0.004487 seconds.
Begin MonoManager ReloadAssembly
Native extension for WindowsStandalone target not found
Native extension for WebGL target not found
Refreshing native plugins compatible for Editor in 0.82 ms, found 1 plugins.
Preloading 0 native plugins for Editor in 0.00 ms.
Invoked RoslynAnalysisRunner static constructor.
RoslynAnalysisRunner will not be running.
RoslynAnalysisRunner has terminated.
Mono: successfully reloaded assembly
- Completed reload, in  1.475 seconds
Platform modules already initialized, skipping
Refreshing native plugins compatible for Editor in 0.91 ms, found 1 plugins.
Preloading 0 native plugins for Editor in 0.00 ms.
Unloading 2027 Unused Serialized files (Serialized files now loaded: 0)
System memory in use before: 93.5 MB.
System memory in use after: 93.5 MB.

Unloading 32 unused Assets to reduce memory usage. Loaded Objects now: 2488.
Total: 4.500800 ms (FindLiveObjects: 0.497500 ms CreateObjectMapping: 0.160600 ms MarkObjects: 3.539100 ms  DeleteObjects: 0.300300 ms)

========================================================================
Received Prepare
Registering precompiled user dll's ...
Registered in 0.005872 seconds.
Begin MonoManager ReloadAssembly
Native extension for WindowsStandalone target not found
Native extension for WebGL target not found
Refreshing native plugins compatible for Editor in 0.87 ms, found 1 plugins.
Preloading 0 native plugins for Editor in 0.00 ms.
Invoked RoslynAnalysisRunner static constructor.
RoslynAnalysisRunner will not be running.
RoslynAnalysisRunner has terminated.
Mono: successfully reloaded assembly
- Completed reload, in  1.578 seconds
Platform modules already initialized, skipping
Refreshing native plugins compatible for Editor in 0.95 ms, found 1 plugins.
Preloading 0 native plugins for Editor in 0.00 ms.
Unloading 2027 Unused Serialized files (Serialized files now loaded: 0)
System memory in use before: 93.6 MB.
System memory in use after: 93.6 MB.

Unloading 32 unused Assets to reduce memory usage. Loaded Objects now: 2492.
Total: 3.670100 ms (FindLiveObjects: 0.406200 ms CreateObjectMapping: 0.103000 ms MarkObjects: 2.946900 ms  DeleteObjects: 0.210400 ms)

========================================================================
Received Prepare
Registering precompiled user dll's ...
Registered in 0.004322 seconds.
Begin MonoManager ReloadAssembly
Native extension for WindowsStandalone target not found
Native extension for WebGL target not found
Refreshing native plugins compatible for Editor in 0.89 ms, found 1 plugins.
Preloading 0 native plugins for Editor in 0.00 ms.
Invoked RoslynAnalysisRunner static constructor.
RoslynAnalysisRunner will not be running.
RoslynAnalysisRunner has terminated.
Mono: successfully reloaded assembly
- Completed reload, in  1.456 seconds
Platform modules already initialized, skipping
Refreshing native plugins compatible for Editor in 0.81 ms, found 1 plugins.
Preloading 0 native plugins for Editor in 0.00 ms.
Unloading 2027 Unused Serialized files (Serialized files now loaded: 0)
System memory in use before: 93.6 MB.
System memory in use after: 93.6 MB.

Unloading 32 unused Assets to reduce memory usage. Loaded Objects now: 2496.
Total: 2.711300 ms (FindLiveObjects: 0.261100 ms CreateObjectMapping: 0.101100 ms MarkObjects: 2.172100 ms  DeleteObjects: 0.174900 ms)

========================================================================
Received Prepare
Registering precompiled user dll's ...
Registered in 0.004299 seconds.
Begin MonoManager ReloadAssembly
Native extension for WindowsStandalone target not found
Native extension for WebGL target not found
Refreshing native plugins compatible for Editor in 1.61 ms, found 1 plugins.
Preloading 0 native plugins for Editor in 0.00 ms.
Invoked RoslynAnalysisRunner static constructor.
RoslynAnalysisRunner will not be running.
RoslynAnalysisRunner has terminated.
Mono: successfully reloaded assembly
- Completed reload, in  1.745 seconds
Platform modules already initialized, skipping
Refreshing native plugins compatible for Editor in 0.83 ms, found 1 plugins.
Preloading 0 native plugins for Editor in 0.00 ms.
Unloading 2027 Unused Serialized files (Serialized files now loaded: 0)
System memory in use before: 93.6 MB.
System memory in use after: 93.6 MB.

Unloading 32 unused Assets to reduce memory usage. Loaded Objects now: 2500.
Total: 3.428600 ms (FindLiveObjects: 0.530600 ms CreateObjectMapping: 0.153400 ms MarkObjects: 2.544000 ms  DeleteObjects: 0.197000 ms)

========================================================================
Received Prepare
Registering precompiled user dll's ...
Registered in 0.004793 seconds.
Begin MonoManager ReloadAssembly
Native extension for WindowsStandalone target not found
Native extension for WebGL target not found
Refreshing native plugins compatible for Editor in 0.86 ms, found 1 plugins.
Preloading 0 native plugins for Editor in 0.00 ms.
Invoked RoslynAnalysisRunner static constructor.
RoslynAnalysisRunner will not be running.
RoslynAnalysisRunner has terminated.
Mono: successfully reloaded assembly
- Completed reload, in  1.613 seconds
Platform modules already initialized, skipping
Refreshing native plugins compatible for Editor in 0.85 ms, found 1 plugins.
Preloading 0 native plugins for Editor in 0.00 ms.
Unloading 2027 Unused Serialized files (Serialized files now loaded: 0)
System memory in use before: 93.6 MB.
System memory in use after: 93.6 MB.

Unloading 32 unused Assets to reduce memory usage. Loaded Objects now: 2504.
Total: 3.366400 ms (FindLiveObjects: 0.556200 ms CreateObjectMapping: 0.179900 ms MarkObjects: 2.443800 ms  DeleteObjects: 0.183200 ms)

AssetImportWorkerClient::OnTransportError - code=2 error=End of file
